<?xml version="1.0" encoding="UTF-8"?>
<!-- Generated by org.testng.reporters.JUnitXMLReporter -->
<testsuite hostname="DESKTOP-OTNKU12" ignored="0" name="ModuleOneTest" tests="3" failures="0" timestamp="2023-05-11T13:15:34 IST" time="50.061" errors="0">
  <testcase name="validLogin" time="13.51" classname="Traning.LoginTest"/>
  <testcase name="validLogin" time="4.912" classname="Traning.LoginTest"/>
  <testcase name="validLogin" time="6.001" classname="Traning.LoginTest"/>
</testsuite> <!-- ModuleOneTest -->
